<?xml version="1.0" encoding="UTF-8"?>
<!-- Generated by org.testng.reporters.JUnitReportReporter -->
<testsuite hostname="DT-IBE573" name="com.pom.application.testscripts.TC234SortCompLsLearningHistoryTest" tests="6" failures="0" timestamp="11 Aug 2017 08:58:55 GMT" time="281.734" errors="0">
  <testcase name="selectDateTimeFormat" time="45.802" classname="com.pom.application.testscripts.TC234SortCompLsLearningHistoryTest"/>
  <testcase name="verifyingLearnHistoryTable" time="35.692" classname="com.pom.application.testscripts.TC234SortCompLsLearningHistoryTest"/>
  <testcase name="verifyingLearnHistoryTable2" time="82.439" classname="com.pom.application.testscripts.TC234SortCompLsLearningHistoryTest"/>
  <testcase name="verifyingLearnHistoryTable1" time="64.515" classname="com.pom.application.testscripts.TC234SortCompLsLearningHistoryTest"/>
  <testcase name="loginAdminUser" time="45.165" classname="com.pom.application.testscripts.TC234SortCompLsLearningHistoryTest"/>
  <testcase name="clickOnLearnHistory" time="8.121" classname="com.pom.application.testscripts.TC234SortCompLsLearningHistoryTest"/>
</testsuite> <!-- com.pom.application.testscripts.TC234SortCompLsLearningHistoryTest -->
