<?xml version="1.0" encoding="UTF-8"?>
<!-- Generated by org.testng.reporters.JUnitReportReporter -->
<testsuite hostname="DT-IBE573" name="com.pom.application.testscripts.RemoveClassTest" tests="2" failures="0" timestamp="11 Aug 2017 08:58:55 GMT" time="71.085" errors="0">
  <testcase name="removeClass" time="36.337" classname="com.pom.application.testscripts.RemoveClassTest"/>
  <testcase name="login" time="34.748" classname="com.pom.application.testscripts.RemoveClassTest"/>
</testsuite> <!-- com.pom.application.testscripts.RemoveClassTest -->
