<?xml version="1.0" encoding="UTF-8"?>
<!-- Generated by org.testng.reporters.JUnitReportReporter -->
<testsuite hostname="DT-IBE573" name="com.pom.application.testscripts.TC268TrainingTypeDisplayedInAsmtDtlScreen" tests="5" failures="0" timestamp="11 Aug 2017 08:58:55 GMT" time="84.256" errors="0">
  <testcase name="VerifySystemTrainingType" time="14.824" classname="com.pom.application.testscripts.TC268TrainingTypeDisplayedInAsmtDtlScreen"/>
  <testcase name="clickMylearningTodo" time="11.480" classname="com.pom.application.testscripts.TC268TrainingTypeDisplayedInAsmtDtlScreen"/>
  <testcase name="loginUser" time="34.519" classname="com.pom.application.testscripts.TC268TrainingTypeDisplayedInAsmtDtlScreen"/>
  <testcase name="clickOnCourseName" time="5.486" classname="com.pom.application.testscripts.TC268TrainingTypeDisplayedInAsmtDtlScreen"/>
  <testcase name="VerifyUserDefinedTrainingType" time="17.947" classname="com.pom.application.testscripts.TC268TrainingTypeDisplayedInAsmtDtlScreen"/>
</testsuite> <!-- com.pom.application.testscripts.TC268TrainingTypeDisplayedInAsmtDtlScreen -->
