<?xml version="1.0" encoding="UTF-8"?>
<!-- Generated by org.testng.reporters.JUnitReportReporter -->
<testsuite hostname="Dt-IBE529" name="com.pom.application.testscripts.LoginTest" tests="1" failures="0" timestamp="19 Sep 2017 11:23:04 GMT" time="25.645" errors="0">
  <testcase name="loginPage" time="25.645" classname="com.pom.application.testscripts.LoginTest"/>
</testsuite> <!-- com.pom.application.testscripts.LoginTest -->
