<?xml version="1.0" encoding="UTF-8"?>
<!-- Generated by org.testng.reporters.JUnitReportReporter -->
<testsuite hostname="DT-IBE573" name="com.pom.application.testscripts.TC265AccessRefMaterialTrainingTypesTest" tests="2" failures="0" timestamp="11 Aug 2017 08:58:55 GMT" time="132.174" errors="0">
  <testcase name="verifyingAccessReferenceMaterial" time="95.419" classname="com.pom.application.testscripts.TC265AccessRefMaterialTrainingTypesTest"/>
  <testcase name="loginAdminUser" time="36.755" classname="com.pom.application.testscripts.TC265AccessRefMaterialTrainingTypesTest"/>
</testsuite> <!-- com.pom.application.testscripts.TC265AccessRefMaterialTrainingTypesTest -->
