<?xml version="1.0" encoding="UTF-8"?>
<!-- Generated by org.testng.reporters.JUnitReportReporter -->
<testsuite hostname="DT-IBE573" name="com.pom.application.testscripts.TC251RemoveElectiveAssignmentColumnHeading" tests="2" failures="0" timestamp="11 Aug 2017 08:58:55 GMT" time="85.916" errors="0">
  <testcase name="login" time="34.336" classname="com.pom.application.testscripts.TC251RemoveElectiveAssignmentColumnHeading"/>
  <testcase name="removeElectiveAssignmentColumnHeading" time="51.580" classname="com.pom.application.testscripts.TC251RemoveElectiveAssignmentColumnHeading"/>
</testsuite> <!-- com.pom.application.testscripts.TC251RemoveElectiveAssignmentColumnHeading -->
