<?xml version="1.0" encoding="UTF-8"?>
<!-- Generated by org.testng.reporters.JUnitReportReporter -->
<testsuite hostname="DT-IBE573" name="com.pom.application.testscripts.TC211CurrDisplayedAsmtDetailScrnTest" tests="6" failures="0" timestamp="11 Aug 2017 08:58:55 GMT" time="181.936" errors="0">
  <testcase name="VerifyCurriculumContent" time="11.355" classname="com.pom.application.testscripts.TC211CurrDisplayedAsmtDetailScrnTest"/>
  <testcase name="selectMyComplianceMenu" time="20.798" classname="com.pom.application.testscripts.TC211CurrDisplayedAsmtDetailScrnTest"/>
  <testcase name="clickOnCourseName" time="44.419" classname="com.pom.application.testscripts.TC211CurrDisplayedAsmtDetailScrnTest"/>
  <testcase name="loginUser" time="36.149" classname="com.pom.application.testscripts.TC211CurrDisplayedAsmtDetailScrnTest"/>
  <testcase name="GenerateTrainingReport" time="33.766" classname="com.pom.application.testscripts.TC211CurrDisplayedAsmtDetailScrnTest"/>
  <testcase name="GenerateAssignmentReport" time="35.449" classname="com.pom.application.testscripts.TC211CurrDisplayedAsmtDetailScrnTest"/>
</testsuite> <!-- com.pom.application.testscripts.TC211CurrDisplayedAsmtDetailScrnTest -->
