<?xml version="1.0" encoding="UTF-8"?>
<!-- Generated by org.testng.reporters.JUnitReportReporter -->
<testsuite hostname="DT-IBE573" name="com.pom.application.testscripts.TC263FilterTrainingItemsByCurriculumTest" tests="3" failures="0" timestamp="11 Aug 2017 08:58:55 GMT" time="217.707" errors="0">
  <testcase name="verifyFilterCurriculum" time="102.624" classname="com.pom.application.testscripts.TC263FilterTrainingItemsByCurriculumTest"/>
  <testcase name="loginAdminUser" time="38.828" classname="com.pom.application.testscripts.TC263FilterTrainingItemsByCurriculumTest"/>
  <testcase name="assignedCurriculumUser" time="76.255" classname="com.pom.application.testscripts.TC263FilterTrainingItemsByCurriculumTest"/>
</testsuite> <!-- com.pom.application.testscripts.TC263FilterTrainingItemsByCurriculumTest -->
