<?xml version="1.0" encoding="UTF-8"?>
<!-- Generated by org.testng.reporters.JUnitReportReporter -->
<testsuite hostname="DT-IBE573" name="com.pom.application.testscripts.TC246ToDoWidgetTimeboxTest" tests="9" failures="0" timestamp="11 Aug 2017 08:58:55 GMT" time="71.635" errors="0">
  <testcase name="validateDueEightFourteenDays" time="2.886" classname="com.pom.application.testscripts.TC246ToDoWidgetTimeboxTest"/>
  <testcase name="validateDueSevenDays" time="2.904" classname="com.pom.application.testscripts.TC246ToDoWidgetTimeboxTest"/>
  <testcase name="clickOnDueDateLater" time="4.045" classname="com.pom.application.testscripts.TC246ToDoWidgetTimeboxTest"/>
  <testcase name="clickOnOverdue" time="4.036" classname="com.pom.application.testscripts.TC246ToDoWidgetTimeboxTest"/>
  <testcase name="clickOnDueSevenDays" time="4.099" classname="com.pom.application.testscripts.TC246ToDoWidgetTimeboxTest"/>
  <testcase name="loginUser" time="35.384" classname="com.pom.application.testscripts.TC246ToDoWidgetTimeboxTest"/>
  <testcase name="validateOverDueWidget" time="11.391" classname="com.pom.application.testscripts.TC246ToDoWidgetTimeboxTest"/>
  <testcase name="validateDueafterFourteenDays" time="2.862" classname="com.pom.application.testscripts.TC246ToDoWidgetTimeboxTest"/>
  <testcase name="clickOnDueEightFourteenDays" time="4.028" classname="com.pom.application.testscripts.TC246ToDoWidgetTimeboxTest"/>
</testsuite> <!-- com.pom.application.testscripts.TC246ToDoWidgetTimeboxTest -->
