<?xml version="1.0" encoding="UTF-8"?>
<!-- Generated by org.testng.reporters.JUnitReportReporter -->
<testsuite hostname="DT-IBE573" name="com.pom.application.testscripts.Tc212DueDateDisplayedInAssignmentDetailScreen" tests="3" failures="0" timestamp="11 Aug 2017 08:58:55 GMT" time="131.993" errors="0">
  <testcase name="loginAdminUser" time="37.848" classname="com.pom.application.testscripts.Tc212DueDateDisplayedInAssignmentDetailScreen"/>
  <testcase name="generateAssignmentReport" time="44.226" classname="com.pom.application.testscripts.Tc212DueDateDisplayedInAssignmentDetailScreen"/>
  <testcase name="validateDateFormat" time="49.919" classname="com.pom.application.testscripts.Tc212DueDateDisplayedInAssignmentDetailScreen"/>
</testsuite> <!-- com.pom.application.testscripts.Tc212DueDateDisplayedInAssignmentDetailScreen -->
