<?xml version="1.0" encoding="UTF-8"?>
<!-- Generated by org.testng.reporters.JUnitReportReporter -->
<testsuite hostname="DT-IBE573" name="com.pom.application.testscripts.TC240DownloadLearningPlanToExcelFileQuickRun" tests="3" failures="0" timestamp="11 Aug 2017 08:58:55 GMT" time="69.578" errors="0">
  <testcase name="downloadExcelAndValidate" time="26.923" classname="com.pom.application.testscripts.TC240DownloadLearningPlanToExcelFileQuickRun"/>
  <testcase name="requiredLarning" time="10.030" classname="com.pom.application.testscripts.TC240DownloadLearningPlanToExcelFileQuickRun"/>
  <testcase name="loginAdminUser" time="32.625" classname="com.pom.application.testscripts.TC240DownloadLearningPlanToExcelFileQuickRun"/>
</testsuite> <!-- com.pom.application.testscripts.TC240DownloadLearningPlanToExcelFileQuickRun -->
